<?xml version="1.0" encoding="UTF-8"?>
<!-- Generated by org.testng.reporters.JUnitXMLReporter -->
<testsuite ignored="2" hostname="micromedia-PC" failures="2" tests="2" name="Surefire test" time="21.728" errors="0" timestamp="2021-02-10T11:44:59 EST">
  <testcase classname="At_t_Test.AT_T_HomePageTest" name="sendKeyWordSearch" time="2.496">
    <failure type="org.openqa.selenium.NoSuchElementException" message="no such element: Unable to locate element: {&amp;quot;method&amp;quot;:&amp;quot;xpath&amp;quot;,&amp;quot;selector&amp;quot;:&amp;quot;//*[@id=&amp;quot;z1-searchfield&amp;quot;]&amp;quot;}
  (Session info: chrome=88.0.4324.146)
For documentation on this error, please visit: https://www.seleniumhq.org/exceptions/no_such_element.html
Build info: version: &amp;apos;3.141.59&amp;apos;, revision: &amp;apos;e82be7d358&amp;apos;, time: &amp;apos;2018-11-14T08:17:03&amp;apos;
System info: host: &amp;apos;MICROMEDIA-PC&amp;apos;, ip: &amp;apos;192.168.1.37&amp;apos;, os.name: &amp;apos;Windows 7&amp;apos;, os.arch: &amp;apos;amd64&amp;apos;, os.version: &amp;apos;6.1&amp;apos;, java.version: &amp;apos;13.0.2&amp;apos;
Driver info: org.openqa.selenium.chrome.ChromeDriver
Capabilities {acceptInsecureCerts: false, browserName: chrome, browserVersion: 88.0.4324.146, chrome: {chromedriverVersion: 87.0.4280.88 (89e2380a3e36c..., userDataDir: C:\Users\MICROM~1\AppData\L...}, goog:chromeOptions: {debuggerAddress: localhost:51919}, javascriptEnabled: true, networkConnectionEnabled: false, pageLoadStrategy: normal, platform: WINDOWS, platformName: WINDOWS, proxy: Proxy(), setWindowRect: true, strictFileInteractability: false, timeouts: {implicit: 0, pageLoad: 300000, script: 30000}, unhandledPromptBehavior: dismiss and notify, webauthn:virtualAuthenticators: true}
Session ID: c95ff73c9bf908563e3d7586fd434da5
*** Element info: {Using=xpath, value=//*[@id=&amp;quot;z1-searchfield&amp;quot;]}">
      <![CDATA[org.openqa.selenium.NoSuchElementException: no such element: Unable to locate element: {"method":"xpath","selector":"//*[@id="z1-searchfield"]"}
  (Session info: chrome=88.0.4324.146)
For documentation on this error, please visit: https://www.seleniumhq.org/exceptions/no_such_element.html
Build info: version: '3.141.59', revision: 'e82be7d358', time: '2018-11-14T08:17:03'
System info: host: 'MICROMEDIA-PC', ip: '192.168.1.37', os.name: 'Windows 7', os.arch: 'amd64', os.version: '6.1', java.version: '13.0.2'
Driver info: org.openqa.selenium.chrome.ChromeDriver
Capabilities {acceptInsecureCerts: false, browserName: chrome, browserVersion: 88.0.4324.146, chrome: {chromedriverVersion: 87.0.4280.88 (89e2380a3e36c..., userDataDir: C:\Users\MICROM~1\AppData\L...}, goog:chromeOptions: {debuggerAddress: localhost:51919}, javascriptEnabled: true, networkConnectionEnabled: false, pageLoadStrategy: normal, platform: WINDOWS, platformName: WINDOWS, proxy: Proxy(), setWindowRect: true, strictFileInteractability: false, timeouts: {implicit: 0, pageLoad: 300000, script: 30000}, unhandledPromptBehavior: dismiss and notify, webauthn:virtualAuthenticators: true}
Session ID: c95ff73c9bf908563e3d7586fd434da5
*** Element info: {Using=xpath, value=//*[@id="z1-searchfield"]}
at org.openqa.selenium.remote.http.W3CHttpResponseCodec.createException(W3CHttpResponseCodec.java:187)
at org.openqa.selenium.remote.http.W3CHttpResponseCodec.decode(W3CHttpResponseCodec.java:122)
at org.openqa.selenium.remote.http.W3CHttpResponseCodec.decode(W3CHttpResponseCodec.java:49)
at org.openqa.selenium.remote.HttpCommandExecutor.execute(HttpCommandExecutor.java:158)
at org.openqa.selenium.remote.service.DriverCommandExecutor.execute(DriverCommandExecutor.java:83)
at org.openqa.selenium.remote.RemoteWebDriver.execute(RemoteWebDriver.java:552)
at org.openqa.selenium.remote.RemoteWebDriver.findElement(RemoteWebDriver.java:323)
at org.openqa.selenium.remote.RemoteWebDriver.findElementByXPath(RemoteWebDriver.java:428)
at org.openqa.selenium.By$ByXPath.findElement(By.java:353)
at org.openqa.selenium.remote.RemoteWebDriver.findElement(RemoteWebDriver.java:315)
at AT_T.AT_T_HomePage.searchOnSearchBare(AT_T_HomePage.java:50)
at At_t_Test.AT_T_HomePageTest.sendKeyWordSearch(AT_T_HomePageTest.java:29)
at java.base/java.util.ArrayList.forEach(ArrayList.java:1507)
... Removed 37 stack frames]]>
    </failure>
  </testcase> <!-- sendKeyWordSearch -->
  <testcase classname="At_t_Test.Sign_In_AccountTest" name="insertCredentials" time="0.279">
    <failure type="java.lang.Exception" message="Element NOt found">
      <![CDATA[java.lang.Exception: Element NOt found
at common.WebAPI.clickONElement(WebAPI.java:70)
at AT_T.AT_T_HomePage.clickOnAccount(AT_T_HomePage.java:28)
at AT_T.AT_T_HomePage.clickONSignIn_Account(AT_T_HomePage.java:35)
at At_t_Test.Sign_In_AccountTest.insertCredentials(Sign_In_AccountTest.java:17)
at java.base/java.util.ArrayList.forEach(ArrayList.java:1507)
... Removed 32 stack frames]]>
    </failure>
  </testcase> <!-- insertCredentials -->
  <testcase classname="At_t_Test.AT_T_HomePageTest" name="SignIN_Account_Test" time="0.0">
    <ignored/>
  </testcase> <!-- SignIN_Account_Test -->
  <testcase classname="At_t_Test.AT_T_HomePageTest" name="clickOnDealsTest" time="0.0">
    <ignored/>
  </testcase> <!-- clickOnDealsTest -->
</testsuite> <!-- Surefire test -->
